# JRE version: Java(TM) SE Runtime Environment (8.0_152-b16) (build 1.8.0_152-b16)
# Java VM: Java HotSpot(TM) 64-Bit Server VM (25.152-b16 mixed mode windows-amd64 compressed oops)
Heap:
 PSYoungGen      total 200192K, used 41217K [0x00000000eab00000, 0x00000000fbd80000, 0x0000000100000000)
  eden space 149504K, 27% used [0x00000000eab00000,0x00000000ed340730,0x00000000f3d00000)
  from space 50688K, 0% used [0x00000000f3d00000,0x00000000f3d00000,0x00000000f6e80000)
  to   space 52224K, 0% used [0x00000000f8a80000,0x00000000f8a80000,0x00000000fbd80000)
 ParOldGen       total 144384K, used 34061K [0x00000000c0000000, 0x00000000c8d00000, 0x00000000eab00000)
  object space 144384K, 23% used [0x00000000c0000000,0x00000000c2143548,0x00000000c8d00000)
 Metaspace       used 57013K, capacity 57906K, committed 60032K, reserved 1101824K
  class space    used 7543K, capacity 7837K, committed 8320K, reserved 1048576K
GC Heap History (10 events):
Event: 1871.123 GC heap before
{Heap before GC invocations=26 (full 2):
 PSYoungGen      total 169984K, used 167504K [0x00000000eab00000, 0x00000000f8180000, 0x0000000100000000)
  eden space 130560K, 100% used [0x00000000eab00000,0x00000000f2a80000,0x00000000f2a80000)
  from space 39424K, 93% used [0x00000000f2e00000,0x00000000f5214208,0x00000000f5480000)
  to   space 44544K, 0% used [0x00000000f5600000,0x00000000f5600000,0x00000000f8180000)
 ParOldGen       total 107520K, used 29764K [0x00000000c0000000, 0x00000000c6900000, 0x00000000eab00000)
  object space 107520K, 27% used [0x00000000c0000000,0x00000000c1d11260,0x00000000c6900000)
 Metaspace       used 53850K, capacity 55664K, committed 55936K, reserved 1097728K
  class space    used 7246K, capacity 7785K, committed 7808K, reserved 1048576K
Event: 1871.143 GC heap after
Heap after GC invocations=26 (full 2):
 PSYoungGen      total 171520K, used 34343K [0x00000000eab00000, 0x00000000f8400000, 0x0000000100000000)
  eden space 126976K, 0% used [0x00000000eab00000,0x00000000eab00000,0x00000000f2700000)
  from space 44544K, 77% used [0x00000000f5600000,0x00000000f7789f70,0x00000000f8180000)
  to   space 47616K, 0% used [0x00000000f2700000,0x00000000f2700000,0x00000000f5580000)
 ParOldGen       total 107520K, used 29772K [0x00000000c0000000, 0x00000000c6900000, 0x00000000eab00000)
  object space 107520K, 27% used [0x00000000c0000000,0x00000000c1d13260,0x00000000c6900000)
 Metaspace       used 53850K, capacity 55664K, committed 55936K, reserved 1097728K
  class space    used 7246K, capacity 7785K, committed 7808K, reserved 1048576K
}
Event: 1871.474 GC heap before
{Heap before GC invocations=27 (full 2):
 PSYoungGen      total 171520K, used 161319K [0x00000000eab00000, 0x00000000f8400000, 0x0000000100000000)
  eden space 126976K, 100% used [0x00000000eab00000,0x00000000f2700000,0x00000000f2700000)
  from space 44544K, 77% used [0x00000000f5600000,0x00000000f7789f70,0x00000000f8180000)
  to   space 47616K, 0% used [0x00000000f2700000,0x00000000f2700000,0x00000000f5580000)
 ParOldGen       total 107520K, used 29772K [0x00000000c0000000, 0x00000000c6900000, 0x00000000eab00000)
  object space 107520K, 27% used [0x00000000c0000000,0x00000000c1d13260,0x00000000c6900000)
 Metaspace       used 53876K, capacity 55664K, committed 55936K, reserved 1097728K
  class space    used 7247K, capacity 7785K, committed 7808K, reserved 1048576K
Event: 1871.493 GC heap after
Heap after GC invocations=27 (full 2):
 PSYoungGen      total 174592K, used 34924K [0x00000000eab00000, 0x00000000f9f80000, 0x0000000100000000)
  eden space 126976K, 0% used [0x00000000eab00000,0x00000000eab00000,0x00000000f2700000)
  from space 47616K, 73% used [0x00000000f2700000,0x00000000f491b160,0x00000000f5580000)
  to   space 50176K, 0% used [0x00000000f6e80000,0x00000000f6e80000,0x00000000f9f80000)
 ParOldGen       total 107520K, used 29772K [0x00000000c0000000, 0x00000000c6900000, 0x00000000eab00000)
  object space 107520K, 27% used [0x00000000c0000000,0x00000000c1d13260,0x00000000c6900000)
 Metaspace       used 53876K, capacity 55664K, committed 55936K, reserved 1097728K
  class space    used 7247K, capacity 7785K, committed 7808K, reserved 1048576K
}
Event: 1872.594 GC heap before
{Heap before GC invocations=28 (full 2):
 PSYoungGen      total 174592K, used 161900K [0x00000000eab00000, 0x00000000f9f80000, 0x0000000100000000)
  eden space 126976K, 100% used [0x00000000eab00000,0x00000000f2700000,0x00000000f2700000)
  from space 47616K, 73% used [0x00000000f2700000,0x00000000f491b160,0x00000000f5580000)
  to   space 50176K, 0% used [0x00000000f6e80000,0x00000000f6e80000,0x00000000f9f80000)
 ParOldGen       total 107520K, used 29772K [0x00000000c0000000, 0x00000000c6900000, 0x00000000eab00000)
  object space 107520K, 27% used [0x00000000c0000000,0x00000000c1d13260,0x00000000c6900000)
 Metaspace       used 53895K, capacity 55664K, committed 55936K, reserved 1097728K
  class space    used 7247K, capacity 7785K, committed 7808K, reserved 1048576K
Event: 1872.617 GC heap after
Heap after GC invocations=28 (full 2):
 PSYoungGen      total 199680K, used 30884K [0x00000000eab00000, 0x00000000fa100000, 0x0000000100000000)
  eden space 149504K, 0% used [0x00000000eab00000,0x00000000eab00000,0x00000000f3d00000)
  from space 50176K, 61% used [0x00000000f6e80000,0x00000000f8ca9200,0x00000000f9f80000)
  to   space 50688K, 0% used [0x00000000f3d00000,0x00000000f3d00000,0x00000000f6e80000)
 ParOldGen       total 107520K, used 33022K [0x00000000c0000000, 0x00000000c6900000, 0x00000000eab00000)
  object space 107520K, 30% used [0x00000000c0000000,0x00000000c203fac0,0x00000000c6900000)
 Metaspace       used 53895K, capacity 55664K, committed 55936K, reserved 1097728K
  class space    used 7247K, capacity 7785K, committed 7808K, reserved 1048576K
}
Event: 1874.214 GC heap before
{Heap before GC invocations=29 (full 2):
 PSYoungGen      total 199680K, used 140360K [0x00000000eab00000, 0x00000000fa100000, 0x0000000100000000)
  eden space 149504K, 73% used [0x00000000eab00000,0x00000000f15e90a0,0x00000000f3d00000)
  from space 50176K, 61% used [0x00000000f6e80000,0x00000000f8ca9200,0x00000000f9f80000)
  to   space 50688K, 0% used [0x00000000f3d00000,0x00000000f3d00000,0x00000000f6e80000)
 ParOldGen       total 107520K, used 33022K [0x00000000c0000000, 0x00000000c6900000, 0x00000000eab00000)
  object space 107520K, 30% used [0x00000000c0000000,0x00000000c203fac0,0x00000000c6900000)
 Metaspace       used 57167K, capacity 58908K, committed 59096K, reserved 1099776K
  class space    used 7718K, capacity 8267K, committed 8320K, reserved 1048576K
Event: 1874.240 GC heap after
Heap after GC invocations=29 (full 2):
 PSYoungGen      total 200192K, used 35063K [0x00000000eab00000, 0x00000000fbd80000, 0x0000000100000000)
  eden space 149504K, 0% used [0x00000000eab00000,0x00000000eab00000,0x00000000f3d00000)
  from space 50688K, 69% used [0x00000000f3d00000,0x00000000f5f3dda8,0x00000000f6e80000)
  to   space 52224K, 0% used [0x00000000f8a80000,0x00000000f8a80000,0x00000000fbd80000)
 ParOldGen       total 107520K, used 35974K [0x00000000c0000000, 0x00000000c6900000, 0x00000000eab00000)
  object space 107520K, 33% used [0x00000000c0000000,0x00000000c2321b00,0x00000000c6900000)
 Metaspace       used 57167K, capacity 58908K, committed 59096K, reserved 1099776K
  class space    used 7718K, capacity 8267K, committed 8320K, reserved 1048576K
}
Event: 1874.240 GC heap before
{Heap before GC invocations=30 (full 3):
 PSYoungGen      total 200192K, used 35063K [0x00000000eab00000, 0x00000000fbd80000, 0x0000000100000000)
  eden space 149504K, 0% used [0x00000000eab00000,0x00000000eab00000,0x00000000f3d00000)
  from space 50688K, 69% used [0x00000000f3d00000,0x00000000f5f3dda8,0x00000000f6e80000)
  to   space 52224K, 0% used [0x00000000f8a80000,0x00000000f8a80000,0x00000000fbd80000)
 ParOldGen       total 107520K, used 35974K [0x00000000c0000000, 0x00000000c6900000, 0x00000000eab00000)
  object space 107520K, 33% used [0x00000000c0000000,0x00000000c2321b00,0x00000000c6900000)
 Metaspace       used 57167K, capacity 58908K, committed 59096K, reserved 1099776K
  class space    used 7718K, capacity 8267K, committed 8320K, reserved 1048576K
Event: 1874.390 GC heap after
Heap after GC invocations=30 (full 3):
 PSYoungGen      total 200192K, used 0K [0x00000000eab00000, 0x00000000fbd80000, 0x0000000100000000)
  eden space 149504K, 0% used [0x00000000eab00000,0x00000000eab00000,0x00000000f3d00000)
  from space 50688K, 0% used [0x00000000f3d00000,0x00000000f3d00000,0x00000000f6e80000)
  to   space 52224K, 0% used [0x00000000f8a80000,0x00000000f8a80000,0x00000000fbd80000)
 ParOldGen       total 144384K, used 34061K [0x00000000c0000000, 0x00000000c8d00000, 0x00000000eab00000)
  object space 144384K, 23% used [0x00000000c0000000,0x00000000c2143548,0x00000000c8d00000)
 Metaspace       used 56021K, capacity 56850K, committed 59096K, reserved 1099776K
  class space    used 7451K, capacity 7741K, committed 8320K, reserved 1048576K
}

