# JRE version: Java(TM) SE Runtime Environment (8.0_152-b16) (build 1.8.0_152-b16)
# Java VM: Java HotSpot(TM) 64-Bit Server VM (25.152-b16 mixed mode windows-amd64 compressed oops)
Heap:
 PSYoungGen      total 347136K, used 72538K [0x00000000d5d80000, 0x00000000ed600000, 0x0000000100000000)
  eden space 327168K, 22% used [0x00000000d5d80000,0x00000000da456b60,0x00000000e9d00000)
  from space 19968K, 0% used [0x00000000e9d00000,0x00000000e9d00000,0x00000000eb080000)
  to   space 14336K, 0% used [0x00000000eb080000,0x00000000eb080000,0x00000000ebe80000)
 ParOldGen       total 129024K, used 39031K [0x0000000081800000, 0x0000000089600000, 0x00000000d5d80000)
  object space 129024K, 30% used [0x0000000081800000,0x0000000083e1dc70,0x0000000089600000)
 Metaspace       used 58153K, capacity 58884K, committed 59136K, reserved 1099776K
  class space    used 7670K, capacity 7833K, committed 7936K, reserved 1048576K
GC Heap History (10 events):
Event: 5.744 GC heap before
{Heap before GC invocations=12 (full 2):
 PSYoungGen      total 202240K, used 188928K [0x00000000d5d80000, 0x00000000e8100000, 0x0000000100000000)
  eden space 188928K, 100% used [0x00000000d5d80000,0x00000000e1600000,0x00000000e1600000)
  from space 13312K, 0% used [0x00000000e1600000,0x00000000e1600000,0x00000000e2300000)
  to   space 13824K, 0% used [0x00000000e7380000,0x00000000e7380000,0x00000000e8100000)
 ParOldGen       total 82432K, used 18919K [0x0000000081800000, 0x0000000086880000, 0x00000000d5d80000)
  object space 82432K, 22% used [0x0000000081800000,0x0000000082a79d18,0x0000000086880000)
 Metaspace       used 39908K, capacity 40428K, committed 40704K, reserved 1085440K
  class space    used 5137K, capacity 5311K, committed 5376K, reserved 1048576K
Event: 5.762 GC heap after
Heap after GC invocations=12 (full 2):
 PSYoungGen      total 266752K, used 12836K [0x00000000d5d80000, 0x00000000e8080000, 0x0000000100000000)
  eden space 253440K, 0% used [0x00000000d5d80000,0x00000000d5d80000,0x00000000e5500000)
  from space 13312K, 96% used [0x00000000e7380000,0x00000000e8009150,0x00000000e8080000)
  to   space 14848K, 0% used [0x00000000e6380000,0x00000000e6380000,0x00000000e7200000)
 ParOldGen       total 82432K, used 18927K [0x0000000081800000, 0x0000000086880000, 0x00000000d5d80000)
  object space 82432K, 22% used [0x0000000081800000,0x0000000082a7bd18,0x0000000086880000)
 Metaspace       used 39908K, capacity 40428K, committed 40704K, reserved 1085440K
  class space    used 5137K, capacity 5311K, committed 5376K, reserved 1048576K
}
Event: 7.091 GC heap before
{Heap before GC invocations=13 (full 2):
 PSYoungGen      total 266752K, used 266276K [0x00000000d5d80000, 0x00000000e8080000, 0x0000000100000000)
  eden space 253440K, 100% used [0x00000000d5d80000,0x00000000e5500000,0x00000000e5500000)
  from space 13312K, 96% used [0x00000000e7380000,0x00000000e8009150,0x00000000e8080000)
  to   space 14848K, 0% used [0x00000000e6380000,0x00000000e6380000,0x00000000e7200000)
 ParOldGen       total 82432K, used 18927K [0x0000000081800000, 0x0000000086880000, 0x00000000d5d80000)
  object space 82432K, 22% used [0x0000000081800000,0x0000000082a7bd18,0x0000000086880000)
 Metaspace       used 41085K, capacity 41734K, committed 41856K, reserved 1085440K
  class space    used 5260K, capacity 5422K, committed 5504K, reserved 1048576K
Event: 7.104 GC heap after
Heap after GC invocations=13 (full 2):
 PSYoungGen      total 283136K, used 9191K [0x00000000d5d80000, 0x00000000ebe80000, 0x0000000100000000)
  eden space 268288K, 0% used [0x00000000d5d80000,0x00000000d5d80000,0x00000000e6380000)
  from space 14848K, 61% used [0x00000000e6380000,0x00000000e6c79cc0,0x00000000e7200000)
  to   space 14336K, 0% used [0x00000000eb080000,0x00000000eb080000,0x00000000ebe80000)
 ParOldGen       total 82432K, used 22659K [0x0000000081800000, 0x0000000086880000, 0x00000000d5d80000)
  object space 82432K, 27% used [0x0000000081800000,0x0000000082e20cc8,0x0000000086880000)
 Metaspace       used 41085K, capacity 41734K, committed 41856K, reserved 1085440K
  class space    used 5260K, capacity 5422K, committed 5504K, reserved 1048576K
}
Event: 9.389 GC heap before
{Heap before GC invocations=14 (full 2):
 PSYoungGen      total 283136K, used 277479K [0x00000000d5d80000, 0x00000000ebe80000, 0x0000000100000000)
  eden space 268288K, 100% used [0x00000000d5d80000,0x00000000e6380000,0x00000000e6380000)
  from space 14848K, 61% used [0x00000000e6380000,0x00000000e6c79cc0,0x00000000e7200000)
  to   space 14336K, 0% used [0x00000000eb080000,0x00000000eb080000,0x00000000ebe80000)
 ParOldGen       total 82432K, used 22659K [0x0000000081800000, 0x0000000086880000, 0x00000000d5d80000)
  object space 82432K, 27% used [0x0000000081800000,0x0000000082e20cc8,0x0000000086880000)
 Metaspace       used 55422K, capacity 56180K, committed 56448K, reserved 1097728K
  class space    used 7298K, capacity 7499K, committed 7552K, reserved 1048576K
Event: 9.410 GC heap after
Heap after GC invocations=14 (full 2):
 PSYoungGen      total 341504K, used 14317K [0x00000000d5d80000, 0x00000000ed600000, 0x0000000100000000)
  eden space 327168K, 0% used [0x00000000d5d80000,0x00000000d5d80000,0x00000000e9d00000)
  from space 14336K, 99% used [0x00000000eb080000,0x00000000ebe7b668,0x00000000ebe80000)
  to   space 19968K, 0% used [0x00000000e9d00000,0x00000000e9d00000,0x00000000eb080000)
 ParOldGen       total 82432K, used 33188K [0x0000000081800000, 0x0000000086880000, 0x00000000d5d80000)
  object space 82432K, 40% used [0x0000000081800000,0x0000000083869030,0x0000000086880000)
 Metaspace       used 55422K, capacity 56180K, committed 56448K, reserved 1097728K
  class space    used 7298K, capacity 7499K, committed 7552K, reserved 1048576K
}
Event: 10.713 GC heap before
{Heap before GC invocations=15 (full 2):
 PSYoungGen      total 341504K, used 227163K [0x00000000d5d80000, 0x00000000ed600000, 0x0000000100000000)
  eden space 327168K, 65% used [0x00000000d5d80000,0x00000000e2d5b6a0,0x00000000e9d00000)
  from space 14336K, 99% used [0x00000000eb080000,0x00000000ebe7b668,0x00000000ebe80000)
  to   space 19968K, 0% used [0x00000000e9d00000,0x00000000e9d00000,0x00000000eb080000)
 ParOldGen       total 82432K, used 33188K [0x0000000081800000, 0x0000000086880000, 0x00000000d5d80000)
  object space 82432K, 40% used [0x0000000081800000,0x0000000083869030,0x0000000086880000)
 Metaspace       used 57983K, capacity 58654K, committed 59008K, reserved 1099776K
  class space    used 7642K, capacity 7800K, committed 7808K, reserved 1048576K
Event: 10.728 GC heap after
Heap after GC invocations=15 (full 2):
 PSYoungGen      total 347136K, used 9329K [0x00000000d5d80000, 0x00000000ed600000, 0x0000000100000000)
  eden space 327168K, 0% used [0x00000000d5d80000,0x00000000d5d80000,0x00000000e9d00000)
  from space 19968K, 46% used [0x00000000e9d00000,0x00000000ea61c4d8,0x00000000eb080000)
  to   space 14336K, 0% used [0x00000000eb080000,0x00000000eb080000,0x00000000ebe80000)
 ParOldGen       total 82432K, used 42137K [0x0000000081800000, 0x0000000086880000, 0x00000000d5d80000)
  object space 82432K, 51% used [0x0000000081800000,0x0000000084126730,0x0000000086880000)
 Metaspace       used 57983K, capacity 58654K, committed 59008K, reserved 1099776K
  class space    used 7642K, capacity 7800K, committed 7808K, reserved 1048576K
}
Event: 10.728 GC heap before
{Heap before GC invocations=16 (full 3):
 PSYoungGen      total 347136K, used 9329K [0x00000000d5d80000, 0x00000000ed600000, 0x0000000100000000)
  eden space 327168K, 0% used [0x00000000d5d80000,0x00000000d5d80000,0x00000000e9d00000)
  from space 19968K, 46% used [0x00000000e9d00000,0x00000000ea61c4d8,0x00000000eb080000)
  to   space 14336K, 0% used [0x00000000eb080000,0x00000000eb080000,0x00000000ebe80000)
 ParOldGen       total 82432K, used 42137K [0x0000000081800000, 0x0000000086880000, 0x00000000d5d80000)
  object space 82432K, 51% used [0x0000000081800000,0x0000000084126730,0x0000000086880000)
 Metaspace       used 57983K, capacity 58654K, committed 59008K, reserved 1099776K
  class space    used 7642K, capacity 7800K, committed 7808K, reserved 1048576K
Event: 10.923 GC heap after
Heap after GC invocations=16 (full 3):
 PSYoungGen      total 347136K, used 0K [0x00000000d5d80000, 0x00000000ed600000, 0x0000000100000000)
  eden space 327168K, 0% used [0x00000000d5d80000,0x00000000d5d80000,0x00000000e9d00000)
  from space 19968K, 0% used [0x00000000e9d00000,0x00000000e9d00000,0x00000000eb080000)
  to   space 14336K, 0% used [0x00000000eb080000,0x00000000eb080000,0x00000000ebe80000)
 ParOldGen       total 129024K, used 39031K [0x0000000081800000, 0x0000000089600000, 0x00000000d5d80000)
  object space 129024K, 30% used [0x0000000081800000,0x0000000083e1dc70,0x0000000089600000)
 Metaspace       used 57983K, capacity 58654K, committed 59008K, reserved 1099776K
  class space    used 7642K, capacity 7800K, committed 7808K, reserved 1048576K
}

