# JRE version: Java(TM) SE Runtime Environment (8.0_152-b16) (build 1.8.0_152-b16)
# Java VM: Java HotSpot(TM) 64-Bit Server VM (25.152-b16 mixed mode windows-amd64 compressed oops)
Heap:
 PSYoungGen      total 108032K, used 77623K [0x00000000eab00000, 0x00000000f2000000, 0x0000000100000000)
  eden space 96256K, 73% used [0x00000000eab00000,0x00000000ef015ca0,0x00000000f0900000)
  from space 11776K, 58% used [0x00000000f1400000,0x00000000f1ab8000,0x00000000f1f80000)
  to   space 11264K, 0% used [0x00000000f0900000,0x00000000f0900000,0x00000000f1400000)
 ParOldGen       total 96768K, used 24944K [0x00000000c0000000, 0x00000000c5e80000, 0x00000000eab00000)
  object space 96768K, 25% used [0x00000000c0000000,0x00000000c185c3f8,0x00000000c5e80000)
 Metaspace       used 43439K, capacity 44612K, committed 44928K, reserved 1087488K
  class space    used 6042K, capacity 6406K, committed 6528K, reserved 1048576K
GC Heap History (10 events):
Event: 11.959 GC heap before
{Heap before GC invocations=12 (full 2):
 PSYoungGen      total 77312K, used 4843K [0x00000000eab00000, 0x00000000f0080000, 0x0000000100000000)
  eden space 67584K, 0% used [0x00000000eab00000,0x00000000eab00000,0x00000000eed00000)
  from space 9728K, 49% used [0x00000000ef680000,0x00000000efb3afe0,0x00000000f0000000)
  to   space 9728K, 0% used [0x00000000eed00000,0x00000000eed00000,0x00000000ef680000)
 ParOldGen       total 60416K, used 12842K [0x00000000c0000000, 0x00000000c3b00000, 0x00000000eab00000)
  object space 60416K, 21% used [0x00000000c0000000,0x00000000c0c8a890,0x00000000c3b00000)
 Metaspace       used 34768K, capacity 35482K, committed 35496K, reserved 1079296K
  class space    used 4874K, capacity 5118K, committed 5120K, reserved 1048576K
Event: 12.046 GC heap after
Heap after GC invocations=12 (full 2):
 PSYoungGen      total 77312K, used 0K [0x00000000eab00000, 0x00000000f0080000, 0x0000000100000000)
  eden space 67584K, 0% used [0x00000000eab00000,0x00000000eab00000,0x00000000eed00000)
  from space 9728K, 0% used [0x00000000ef680000,0x00000000ef680000,0x00000000f0000000)
  to   space 9728K, 0% used [0x00000000eed00000,0x00000000eed00000,0x00000000ef680000)
 ParOldGen       total 96768K, used 15646K [0x00000000c0000000, 0x00000000c5e80000, 0x00000000eab00000)
  object space 96768K, 16% used [0x00000000c0000000,0x00000000c0f47b38,0x00000000c5e80000)
 Metaspace       used 34683K, capacity 35312K, committed 35496K, reserved 1079296K
  class space    used 4849K, capacity 5064K, committed 5120K, reserved 1048576K
}
Event: 13.422 GC heap before
{Heap before GC invocations=13 (full 2):
 PSYoungGen      total 77312K, used 67584K [0x00000000eab00000, 0x00000000f0080000, 0x0000000100000000)
  eden space 67584K, 100% used [0x00000000eab00000,0x00000000eed00000,0x00000000eed00000)
  from space 9728K, 0% used [0x00000000ef680000,0x00000000ef680000,0x00000000f0000000)
  to   space 9728K, 0% used [0x00000000eed00000,0x00000000eed00000,0x00000000ef680000)
 ParOldGen       total 96768K, used 15646K [0x00000000c0000000, 0x00000000c5e80000, 0x00000000eab00000)
  object space 96768K, 16% used [0x00000000c0000000,0x00000000c0f47b38,0x00000000c5e80000)
 Metaspace       used 37615K, capacity 38370K, committed 38656K, reserved 1083392K
  class space    used 5322K, capacity 5588K, committed 5632K, reserved 1048576K
Event: 13.428 GC heap after
Heap after GC invocations=13 (full 2):
 PSYoungGen      total 77312K, used 4707K [0x00000000eab00000, 0x00000000f0f80000, 0x0000000100000000)
  eden space 67584K, 0% used [0x00000000eab00000,0x00000000eab00000,0x00000000eed00000)
  from space 9728K, 48% used [0x00000000eed00000,0x00000000ef198ed0,0x00000000ef680000)
  to   space 9728K, 0% used [0x00000000f0600000,0x00000000f0600000,0x00000000f0f80000)
 ParOldGen       total 96768K, used 15654K [0x00000000c0000000, 0x00000000c5e80000, 0x00000000eab00000)
  object space 96768K, 16% used [0x00000000c0000000,0x00000000c0f49b38,0x00000000c5e80000)
 Metaspace       used 37615K, capacity 38370K, committed 38656K, reserved 1083392K
  class space    used 5322K, capacity 5588K, committed 5632K, reserved 1048576K
}
Event: 26.753 GC heap before
{Heap before GC invocations=14 (full 2):
 PSYoungGen      total 77312K, used 72291K [0x00000000eab00000, 0x00000000f0f80000, 0x0000000100000000)
  eden space 67584K, 100% used [0x00000000eab00000,0x00000000eed00000,0x00000000eed00000)
  from space 9728K, 48% used [0x00000000eed00000,0x00000000ef198ed0,0x00000000ef680000)
  to   space 9728K, 0% used [0x00000000f0600000,0x00000000f0600000,0x00000000f0f80000)
 ParOldGen       total 96768K, used 15654K [0x00000000c0000000, 0x00000000c5e80000, 0x00000000eab00000)
  object space 96768K, 16% used [0x00000000c0000000,0x00000000c0f49b38,0x00000000c5e80000)
 Metaspace       used 39939K, capacity 41114K, committed 41472K, reserved 1085440K
  class space    used 5663K, capacity 6030K, committed 6144K, reserved 1048576K
Event: 26.759 GC heap after
Heap after GC invocations=14 (full 2):
 PSYoungGen      total 89088K, used 7408K [0x00000000eab00000, 0x00000000f0d80000, 0x0000000100000000)
  eden space 81408K, 0% used [0x00000000eab00000,0x00000000eab00000,0x00000000efa80000)
  from space 7680K, 96% used [0x00000000f0600000,0x00000000f0d3c0e0,0x00000000f0d80000)
  to   space 9728K, 0% used [0x00000000efa80000,0x00000000efa80000,0x00000000f0400000)
 ParOldGen       total 96768K, used 15662K [0x00000000c0000000, 0x00000000c5e80000, 0x00000000eab00000)
  object space 96768K, 16% used [0x00000000c0000000,0x00000000c0f4bb38,0x00000000c5e80000)
 Metaspace       used 39939K, capacity 41114K, committed 41472K, reserved 1085440K
  class space    used 5663K, capacity 6030K, committed 6144K, reserved 1048576K
}
Event: 35.014 GC heap before
{Heap before GC invocations=15 (full 2):
 PSYoungGen      total 89088K, used 88816K [0x00000000eab00000, 0x00000000f0d80000, 0x0000000100000000)
  eden space 81408K, 100% used [0x00000000eab00000,0x00000000efa80000,0x00000000efa80000)
  from space 7680K, 96% used [0x00000000f0600000,0x00000000f0d3c0e0,0x00000000f0d80000)
  to   space 9728K, 0% used [0x00000000efa80000,0x00000000efa80000,0x00000000f0400000)
 ParOldGen       total 96768K, used 15662K [0x00000000c0000000, 0x00000000c5e80000, 0x00000000eab00000)
  object space 96768K, 16% used [0x00000000c0000000,0x00000000c0f4bb38,0x00000000c5e80000)
 Metaspace       used 42635K, capacity 43732K, committed 44032K, reserved 1087488K
  class space    used 6011K, capacity 6334K, committed 6400K, reserved 1048576K
Event: 35.025 GC heap after
Heap after GC invocations=15 (full 2):
 PSYoungGen      total 91136K, used 9696K [0x00000000eab00000, 0x00000000f1f80000, 0x0000000100000000)
  eden space 81408K, 0% used [0x00000000eab00000,0x00000000eab00000,0x00000000efa80000)
  from space 9728K, 99% used [0x00000000efa80000,0x00000000f03f8040,0x00000000f0400000)
  to   space 11776K, 0% used [0x00000000f1400000,0x00000000f1400000,0x00000000f1f80000)
 ParOldGen       total 96768K, used 19271K [0x00000000c0000000, 0x00000000c5e80000, 0x00000000eab00000)
  object space 96768K, 19% used [0x00000000c0000000,0x00000000c12d1fa8,0x00000000c5e80000)
 Metaspace       used 42635K, capacity 43732K, committed 44032K, reserved 1087488K
  class space    used 6011K, capacity 6334K, committed 6400K, reserved 1048576K
}
Event: 36.375 GC heap before
{Heap before GC invocations=16 (full 2):
 PSYoungGen      total 91136K, used 91104K [0x00000000eab00000, 0x00000000f1f80000, 0x0000000100000000)
  eden space 81408K, 100% used [0x00000000eab00000,0x00000000efa80000,0x00000000efa80000)
  from space 9728K, 99% used [0x00000000efa80000,0x00000000f03f8040,0x00000000f0400000)
  to   space 11776K, 0% used [0x00000000f1400000,0x00000000f1400000,0x00000000f1f80000)
 ParOldGen       total 96768K, used 19271K [0x00000000c0000000, 0x00000000c5e80000, 0x00000000eab00000)
  object space 96768K, 19% used [0x00000000c0000000,0x00000000c12d1fa8,0x00000000c5e80000)
 Metaspace       used 42895K, capacity 44024K, committed 44288K, reserved 1087488K
  class space    used 6017K, capacity 6340K, committed 6400K, reserved 1048576K
Event: 36.386 GC heap after
Heap after GC invocations=16 (full 2):
 PSYoungGen      total 108032K, used 6880K [0x00000000eab00000, 0x00000000f2000000, 0x0000000100000000)
  eden space 96256K, 0% used [0x00000000eab00000,0x00000000eab00000,0x00000000f0900000)
  from space 11776K, 58% used [0x00000000f1400000,0x00000000f1ab8000,0x00000000f1f80000)
  to   space 11264K, 0% used [0x00000000f0900000,0x00000000f0900000,0x00000000f1400000)
 ParOldGen       total 96768K, used 24944K [0x00000000c0000000, 0x00000000c5e80000, 0x00000000eab00000)
  object space 96768K, 25% used [0x00000000c0000000,0x00000000c185c3f8,0x00000000c5e80000)
 Metaspace       used 42895K, capacity 44024K, committed 44288K, reserved 1087488K
  class space    used 6017K, capacity 6340K, committed 6400K, reserved 1048576K
}

