# JRE version: Java(TM) SE Runtime Environment (8.0_152-b16) (build 1.8.0_152-b16)
# Java VM: Java HotSpot(TM) 64-Bit Server VM (25.152-b16 mixed mode windows-amd64 compressed oops)
Heap:
 PSYoungGen      total 38400K, used 8177K [0x00000000d5d80000, 0x00000000d9e80000, 0x0000000100000000)
  eden space 29696K, 13% used [0x00000000d5d80000,0x00000000d614b330,0x00000000d7a80000)
  from space 8704K, 49% used [0x00000000d7a80000,0x00000000d7eb12c8,0x00000000d8300000)
  to   space 8704K, 0% used [0x00000000d9600000,0x00000000d9600000,0x00000000d9e80000)
 ParOldGen       total 52736K, used 6339K [0x0000000081800000, 0x0000000084b80000, 0x00000000d5d80000)
  object space 52736K, 12% used [0x0000000081800000,0x0000000081e30c00,0x0000000084b80000)
 Metaspace       used 25848K, capacity 26232K, committed 26368K, reserved 1073152K
  class space    used 3326K, capacity 3469K, committed 3584K, reserved 1048576K
GC Heap History (10 events):
Event: 1.837 GC heap before
{Heap before GC invocations=4 (full 0):
 PSYoungGen      total 38400K, used 38380K [0x00000000d5d80000, 0x00000000d8800000, 0x0000000100000000)
  eden space 33280K, 100% used [0x00000000d5d80000,0x00000000d7e00000,0x00000000d7e00000)
  from space 5120K, 99% used [0x00000000d7e00000,0x00000000d82fb2a8,0x00000000d8300000)
  to   space 5120K, 0% used [0x00000000d8300000,0x00000000d8300000,0x00000000d8800000)
 ParOldGen       total 87552K, used 3709K [0x0000000081800000, 0x0000000086d80000, 0x00000000d5d80000)
  object space 87552K, 4% used [0x0000000081800000,0x0000000081b9f6b0,0x0000000086d80000)
 Metaspace       used 20437K, capacity 20658K, committed 20992K, reserved 1067008K
  class space    used 2623K, capacity 2725K, committed 2816K, reserved 1048576K
Event: 1.842 GC heap after
Heap after GC invocations=4 (full 0):
 PSYoungGen      total 38400K, used 5104K [0x00000000d5d80000, 0x00000000d8800000, 0x0000000100000000)
  eden space 33280K, 0% used [0x00000000d5d80000,0x00000000d5d80000,0x00000000d7e00000)
  from space 5120K, 99% used [0x00000000d8300000,0x00000000d87fc040,0x00000000d8800000)
  to   space 5120K, 0% used [0x00000000d7e00000,0x00000000d7e00000,0x00000000d8300000)
 ParOldGen       total 87552K, used 6160K [0x0000000081800000, 0x0000000086d80000, 0x00000000d5d80000)
  object space 87552K, 7% used [0x0000000081800000,0x0000000081e04268,0x0000000086d80000)
 Metaspace       used 20437K, capacity 20658K, committed 20992K, reserved 1067008K
  class space    used 2623K, capacity 2725K, committed 2816K, reserved 1048576K
}
Event: 1.921 GC heap before
{Heap before GC invocations=5 (full 0):
 PSYoungGen      total 38400K, used 17784K [0x00000000d5d80000, 0x00000000d8800000, 0x0000000100000000)
  eden space 33280K, 38% used [0x00000000d5d80000,0x00000000d69e21e0,0x00000000d7e00000)
  from space 5120K, 99% used [0x00000000d8300000,0x00000000d87fc040,0x00000000d8800000)
  to   space 5120K, 0% used [0x00000000d7e00000,0x00000000d7e00000,0x00000000d8300000)
 ParOldGen       total 87552K, used 6160K [0x0000000081800000, 0x0000000086d80000, 0x00000000d5d80000)
  object space 87552K, 7% used [0x0000000081800000,0x0000000081e04268,0x0000000086d80000)
 Metaspace       used 20942K, capacity 21230K, committed 21248K, reserved 1067008K
  class space    used 2668K, capacity 2799K, committed 2816K, reserved 1048576K
Event: 1.939 GC heap after
Heap after GC invocations=5 (full 0):
 PSYoungGen      total 38400K, used 5099K [0x00000000d5d80000, 0x00000000d8800000, 0x0000000100000000)
  eden space 33280K, 0% used [0x00000000d5d80000,0x00000000d5d80000,0x00000000d7e00000)
  from space 5120K, 99% used [0x00000000d7e00000,0x00000000d82fad98,0x00000000d8300000)
  to   space 5120K, 0% used [0x00000000d8300000,0x00000000d8300000,0x00000000d8800000)
 ParOldGen       total 87552K, used 7468K [0x0000000081800000, 0x0000000086d80000, 0x00000000d5d80000)
  object space 87552K, 8% used [0x0000000081800000,0x0000000081f4b3e8,0x0000000086d80000)
 Metaspace       used 20942K, capacity 21230K, committed 21248K, reserved 1067008K
  class space    used 2668K, capacity 2799K, committed 2816K, reserved 1048576K
}
Event: 1.939 GC heap before
{Heap before GC invocations=6 (full 1):
 PSYoungGen      total 38400K, used 5099K [0x00000000d5d80000, 0x00000000d8800000, 0x0000000100000000)
  eden space 33280K, 0% used [0x00000000d5d80000,0x00000000d5d80000,0x00000000d7e00000)
  from space 5120K, 99% used [0x00000000d7e00000,0x00000000d82fad98,0x00000000d8300000)
  to   space 5120K, 0% used [0x00000000d8300000,0x00000000d8300000,0x00000000d8800000)
 ParOldGen       total 87552K, used 7468K [0x0000000081800000, 0x0000000086d80000, 0x00000000d5d80000)
  object space 87552K, 8% used [0x0000000081800000,0x0000000081f4b3e8,0x0000000086d80000)
 Metaspace       used 20942K, capacity 21230K, committed 21248K, reserved 1067008K
  class space    used 2668K, capacity 2799K, committed 2816K, reserved 1048576K
Event: 1.962 GC heap after
Heap after GC invocations=6 (full 1):
 PSYoungGen      total 38400K, used 0K [0x00000000d5d80000, 0x00000000d8800000, 0x0000000100000000)
  eden space 33280K, 0% used [0x00000000d5d80000,0x00000000d5d80000,0x00000000d7e00000)
  from space 5120K, 0% used [0x00000000d7e00000,0x00000000d7e00000,0x00000000d8300000)
  to   space 5120K, 0% used [0x00000000d8300000,0x00000000d8300000,0x00000000d8800000)
 ParOldGen       total 52736K, used 6331K [0x0000000081800000, 0x0000000084b80000, 0x00000000d5d80000)
  object space 52736K, 12% used [0x0000000081800000,0x0000000081e2ec00,0x0000000084b80000)
 Metaspace       used 20942K, capacity 21230K, committed 21248K, reserved 1067008K
  class space    used 2668K, capacity 2799K, committed 2816K, reserved 1048576K
}
Event: 2.111 GC heap before
{Heap before GC invocations=7 (full 1):
 PSYoungGen      total 38400K, used 33280K [0x00000000d5d80000, 0x00000000d8800000, 0x0000000100000000)
  eden space 33280K, 100% used [0x00000000d5d80000,0x00000000d7e00000,0x00000000d7e00000)
  from space 5120K, 0% used [0x00000000d7e00000,0x00000000d7e00000,0x00000000d8300000)
  to   space 5120K, 0% used [0x00000000d8300000,0x00000000d8300000,0x00000000d8800000)
 ParOldGen       total 52736K, used 6331K [0x0000000081800000, 0x0000000084b80000, 0x00000000d5d80000)
  object space 52736K, 12% used [0x0000000081800000,0x0000000081e2ec00,0x0000000084b80000)
 Metaspace       used 23754K, capacity 24066K, committed 24192K, reserved 1071104K
  class space    used 3046K, capacity 3140K, committed 3200K, reserved 1048576K
Event: 2.114 GC heap after
Heap after GC invocations=7 (full 1):
 PSYoungGen      total 34816K, used 3412K [0x00000000d5d80000, 0x00000000da500000, 0x0000000100000000)
  eden space 29696K, 0% used [0x00000000d5d80000,0x00000000d5d80000,0x00000000d7a80000)
  from space 5120K, 66% used [0x00000000d8300000,0x00000000d8655058,0x00000000d8800000)
  to   space 8704K, 0% used [0x00000000d7a80000,0x00000000d7a80000,0x00000000d8300000)
 ParOldGen       total 52736K, used 6331K [0x0000000081800000, 0x0000000084b80000, 0x00000000d5d80000)
  object space 52736K, 12% used [0x0000000081800000,0x0000000081e2ec00,0x0000000084b80000)
 Metaspace       used 23754K, capacity 24066K, committed 24192K, reserved 1071104K
  class space    used 3046K, capacity 3140K, committed 3200K, reserved 1048576K
}
Event: 2.354 GC heap before
{Heap before GC invocations=8 (full 1):
 PSYoungGen      total 34816K, used 33108K [0x00000000d5d80000, 0x00000000da500000, 0x0000000100000000)
  eden space 29696K, 100% used [0x00000000d5d80000,0x00000000d7a80000,0x00000000d7a80000)
  from space 5120K, 66% used [0x00000000d8300000,0x00000000d8655058,0x00000000d8800000)
  to   space 8704K, 0% used [0x00000000d7a80000,0x00000000d7a80000,0x00000000d8300000)
 ParOldGen       total 52736K, used 6331K [0x0000000081800000, 0x0000000084b80000, 0x00000000d5d80000)
  object space 52736K, 12% used [0x0000000081800000,0x0000000081e2ec00,0x0000000084b80000)
 Metaspace       used 25728K, capacity 26072K, committed 26240K, reserved 1073152K
  class space    used 3315K, capacity 3437K, committed 3456K, reserved 1048576K
Event: 2.358 GC heap after
Heap after GC invocations=8 (full 1):
 PSYoungGen      total 38400K, used 4292K [0x00000000d5d80000, 0x00000000d9e80000, 0x0000000100000000)
  eden space 29696K, 0% used [0x00000000d5d80000,0x00000000d5d80000,0x00000000d7a80000)
  from space 8704K, 49% used [0x00000000d7a80000,0x00000000d7eb12c8,0x00000000d8300000)
  to   space 8704K, 0% used [0x00000000d9600000,0x00000000d9600000,0x00000000d9e80000)
 ParOldGen       total 52736K, used 6339K [0x0000000081800000, 0x0000000084b80000, 0x00000000d5d80000)
  object space 52736K, 12% used [0x0000000081800000,0x0000000081e30c00,0x0000000084b80000)
 Metaspace       used 25728K, capacity 26072K, committed 26240K, reserved 1073152K
  class space    used 3315K, capacity 3437K, committed 3456K, reserved 1048576K
}

