# JRE version: Java(TM) SE Runtime Environment (8.0_152-b16) (build 1.8.0_152-b16)
# Java VM: Java HotSpot(TM) 64-Bit Server VM (25.152-b16 mixed mode windows-amd64 compressed oops)
Heap:
 PSYoungGen      total 69120K, used 8999K [0x00000000d5d80000, 0x00000000dd900000, 0x0000000100000000)
  eden space 64000K, 6% used [0x00000000d5d80000,0x00000000d61501b8,0x00000000d9c00000)
  from space 5120K, 99% used [0x00000000da380000,0x00000000da879b00,0x00000000da880000)
  to   space 7680K, 0% used [0x00000000d9c00000,0x00000000d9c00000,0x00000000da380000)
 ParOldGen       total 52736K, used 7374K [0x0000000081800000, 0x0000000084b80000, 0x00000000d5d80000)
  object space 52736K, 13% used [0x0000000081800000,0x0000000081f33a90,0x0000000084b80000)
 Metaspace       used 26040K, capacity 26428K, committed 26880K, reserved 1073152K
  class space    used 3330K, capacity 3469K, committed 3584K, reserved 1048576K
GC Heap History (10 events):
Event: 1.306 GC heap before
{Heap before GC invocations=3 (full 0):
 PSYoungGen      total 38400K, used 38388K [0x00000000d5d80000, 0x00000000d8800000, 0x0000000100000000)
  eden space 33280K, 100% used [0x00000000d5d80000,0x00000000d7e00000,0x00000000d7e00000)
  from space 5120K, 99% used [0x00000000d8300000,0x00000000d87fd210,0x00000000d8800000)
  to   space 5120K, 0% used [0x00000000d7e00000,0x00000000d7e00000,0x00000000d8300000)
 ParOldGen       total 87552K, used 1404K [0x0000000081800000, 0x0000000086d80000, 0x00000000d5d80000)
  object space 87552K, 1% used [0x0000000081800000,0x000000008195f060,0x0000000086d80000)
 Metaspace       used 17200K, capacity 17430K, committed 17792K, reserved 1064960K
  class space    used 2219K, capacity 2325K, committed 2432K, reserved 1048576K
Event: 1.311 GC heap after
Heap after GC invocations=3 (full 0):
 PSYoungGen      total 38400K, used 5114K [0x00000000d5d80000, 0x00000000da880000, 0x0000000100000000)
  eden space 33280K, 0% used [0x00000000d5d80000,0x00000000d5d80000,0x00000000d7e00000)
  from space 5120K, 99% used [0x00000000d7e00000,0x00000000d82feba8,0x00000000d8300000)
  to   space 5120K, 0% used [0x00000000da380000,0x00000000da380000,0x00000000da880000)
 ParOldGen       total 87552K, used 3468K [0x0000000081800000, 0x0000000086d80000, 0x00000000d5d80000)
  object space 87552K, 3% used [0x0000000081800000,0x0000000081b63388,0x0000000086d80000)
 Metaspace       used 17200K, capacity 17430K, committed 17792K, reserved 1064960K
  class space    used 2219K, capacity 2325K, committed 2432K, reserved 1048576K
}
Event: 1.466 GC heap before
{Heap before GC invocations=4 (full 0):
 PSYoungGen      total 38400K, used 38394K [0x00000000d5d80000, 0x00000000da880000, 0x0000000100000000)
  eden space 33280K, 100% used [0x00000000d5d80000,0x00000000d7e00000,0x00000000d7e00000)
  from space 5120K, 99% used [0x00000000d7e00000,0x00000000d82feba8,0x00000000d8300000)
  to   space 5120K, 0% used [0x00000000da380000,0x00000000da380000,0x00000000da880000)
 ParOldGen       total 87552K, used 3468K [0x0000000081800000, 0x0000000086d80000, 0x00000000d5d80000)
  object space 87552K, 3% used [0x0000000081800000,0x0000000081b63388,0x0000000086d80000)
 Metaspace       used 20462K, capacity 20790K, committed 20992K, reserved 1067008K
  class space    used 2622K, capacity 2725K, committed 2816K, reserved 1048576K
Event: 1.472 GC heap after
Heap after GC invocations=4 (full 0):
 PSYoungGen      total 71680K, used 5099K [0x00000000d5d80000, 0x00000000da880000, 0x0000000100000000)
  eden space 66560K, 0% used [0x00000000d5d80000,0x00000000d5d80000,0x00000000d9e80000)
  from space 5120K, 99% used [0x00000000da380000,0x00000000da87ad98,0x00000000da880000)
  to   space 5120K, 0% used [0x00000000d9e80000,0x00000000d9e80000,0x00000000da380000)
 ParOldGen       total 87552K, used 5824K [0x0000000081800000, 0x0000000086d80000, 0x00000000d5d80000)
  object space 87552K, 6% used [0x0000000081800000,0x0000000081db0270,0x0000000086d80000)
 Metaspace       used 20462K, capacity 20790K, committed 20992K, reserved 1067008K
  class space    used 2622K, capacity 2725K, committed 2816K, reserved 1048576K
}
Event: 1.540 GC heap before
{Heap before GC invocations=5 (full 0):
 PSYoungGen      total 71680K, used 16387K [0x00000000d5d80000, 0x00000000da880000, 0x0000000100000000)
  eden space 66560K, 16% used [0x00000000d5d80000,0x00000000d6886180,0x00000000d9e80000)
  from space 5120K, 99% used [0x00000000da380000,0x00000000da87ad98,0x00000000da880000)
  to   space 5120K, 0% used [0x00000000d9e80000,0x00000000d9e80000,0x00000000da380000)
 ParOldGen       total 87552K, used 5824K [0x0000000081800000, 0x0000000086d80000, 0x00000000d5d80000)
  object space 87552K, 6% used [0x0000000081800000,0x0000000081db0270,0x0000000086d80000)
 Metaspace       used 20895K, capacity 21170K, committed 21248K, reserved 1067008K
  class space    used 2662K, capacity 2799K, committed 2816K, reserved 1048576K
Event: 1.548 GC heap after
Heap after GC invocations=5 (full 0):
 PSYoungGen      total 71680K, used 5111K [0x00000000d5d80000, 0x00000000da880000, 0x0000000100000000)
  eden space 66560K, 0% used [0x00000000d5d80000,0x00000000d5d80000,0x00000000d9e80000)
  from space 5120K, 99% used [0x00000000d9e80000,0x00000000da37dd08,0x00000000da380000)
  to   space 5120K, 0% used [0x00000000da380000,0x00000000da380000,0x00000000da880000)
 ParOldGen       total 87552K, used 6868K [0x0000000081800000, 0x0000000086d80000, 0x00000000d5d80000)
  object space 87552K, 7% used [0x0000000081800000,0x0000000081eb5358,0x0000000086d80000)
 Metaspace       used 20895K, capacity 21170K, committed 21248K, reserved 1067008K
  class space    used 2662K, capacity 2799K, committed 2816K, reserved 1048576K
}
Event: 1.548 GC heap before
{Heap before GC invocations=6 (full 1):
 PSYoungGen      total 71680K, used 5111K [0x00000000d5d80000, 0x00000000da880000, 0x0000000100000000)
  eden space 66560K, 0% used [0x00000000d5d80000,0x00000000d5d80000,0x00000000d9e80000)
  from space 5120K, 99% used [0x00000000d9e80000,0x00000000da37dd08,0x00000000da380000)
  to   space 5120K, 0% used [0x00000000da380000,0x00000000da380000,0x00000000da880000)
 ParOldGen       total 87552K, used 6868K [0x0000000081800000, 0x0000000086d80000, 0x00000000d5d80000)
  object space 87552K, 7% used [0x0000000081800000,0x0000000081eb5358,0x0000000086d80000)
 Metaspace       used 20895K, capacity 21170K, committed 21248K, reserved 1067008K
  class space    used 2662K, capacity 2799K, committed 2816K, reserved 1048576K
Event: 1.574 GC heap after
Heap after GC invocations=6 (full 1):
 PSYoungGen      total 71680K, used 0K [0x00000000d5d80000, 0x00000000da880000, 0x0000000100000000)
  eden space 66560K, 0% used [0x00000000d5d80000,0x00000000d5d80000,0x00000000d9e80000)
  from space 5120K, 0% used [0x00000000d9e80000,0x00000000d9e80000,0x00000000da380000)
  to   space 5120K, 0% used [0x00000000da380000,0x00000000da380000,0x00000000da880000)
 ParOldGen       total 52736K, used 6110K [0x0000000081800000, 0x0000000084b80000, 0x00000000d5d80000)
  object space 52736K, 11% used [0x0000000081800000,0x0000000081df79d0,0x0000000084b80000)
 Metaspace       used 20895K, capacity 21170K, committed 21248K, reserved 1067008K
  class space    used 2662K, capacity 2799K, committed 2816K, reserved 1048576K
}
Event: 2.060 GC heap before
{Heap before GC invocations=7 (full 1):
 PSYoungGen      total 71680K, used 66560K [0x00000000d5d80000, 0x00000000da880000, 0x0000000100000000)
  eden space 66560K, 100% used [0x00000000d5d80000,0x00000000d9e80000,0x00000000d9e80000)
  from space 5120K, 0% used [0x00000000d9e80000,0x00000000d9e80000,0x00000000da380000)
  to   space 5120K, 0% used [0x00000000da380000,0x00000000da380000,0x00000000da880000)
 ParOldGen       total 52736K, used 6110K [0x0000000081800000, 0x0000000084b80000, 0x00000000d5d80000)
  object space 52736K, 11% used [0x0000000081800000,0x0000000081df79d0,0x0000000084b80000)
 Metaspace       used 25902K, capacity 26268K, committed 26496K, reserved 1073152K
  class space    used 3315K, capacity 3437K, committed 3456K, reserved 1048576K
Event: 2.068 GC heap after
Heap after GC invocations=7 (full 1):
 PSYoungGen      total 69120K, used 5094K [0x00000000d5d80000, 0x00000000dd900000, 0x0000000100000000)
  eden space 64000K, 0% used [0x00000000d5d80000,0x00000000d5d80000,0x00000000d9c00000)
  from space 5120K, 99% used [0x00000000da380000,0x00000000da879b00,0x00000000da880000)
  to   space 7680K, 0% used [0x00000000d9c00000,0x00000000d9c00000,0x00000000da380000)
 ParOldGen       total 52736K, used 7374K [0x0000000081800000, 0x0000000084b80000, 0x00000000d5d80000)
  object space 52736K, 13% used [0x0000000081800000,0x0000000081f33a90,0x0000000084b80000)
 Metaspace       used 25902K, capacity 26268K, committed 26496K, reserved 1073152K
  class space    used 3315K, capacity 3437K, committed 3456K, reserved 1048576K
}

