# JRE version: Java(TM) SE Runtime Environment (8.0_152-b16) (build 1.8.0_152-b16)
# Java VM: Java HotSpot(TM) 64-Bit Server VM (25.152-b16 mixed mode windows-amd64 compressed oops)
Heap:
 PSYoungGen      total 144384K, used 18608K [0x00000000eab00000, 0x00000000f5800000, 0x0000000100000000)
  eden space 126976K, 1% used [0x00000000eab00000,0x00000000eaca4950,0x00000000f2700000)
  from space 17408K, 97% used [0x00000000f2e80000,0x00000000f3f077e8,0x00000000f3f80000)
  to   space 25088K, 0% used [0x00000000f3f80000,0x00000000f3f80000,0x00000000f5800000)
 ParOldGen       total 102912K, used 47397K [0x00000000c0000000, 0x00000000c6480000, 0x00000000eab00000)
  object space 102912K, 46% used [0x00000000c0000000,0x00000000c2e49710,0x00000000c6480000)
 Metaspace       used 57675K, capacity 58956K, committed 59028K, reserved 1099776K
  class space    used 7572K, capacity 7880K, committed 7936K, reserved 1048576K
GC Heap History (10 events):
Event: 359.543 GC heap before
{Heap before GC invocations=20 (full 2):
 PSYoungGen      total 164864K, used 164833K [0x00000000eab00000, 0x00000000f8000000, 0x0000000100000000)
  eden space 152064K, 100% used [0x00000000eab00000,0x00000000f3f80000,0x00000000f3f80000)
  from space 12800K, 99% used [0x00000000f3f80000,0x00000000f4bf84a0,0x00000000f4c00000)
  to   space 19968K, 0% used [0x00000000f6c80000,0x00000000f6c80000,0x00000000f8000000)
 ParOldGen       total 102912K, used 32403K [0x00000000c0000000, 0x00000000c6480000, 0x00000000eab00000)
  object space 102912K, 31% used [0x00000000c0000000,0x00000000c1fa4e00,0x00000000c6480000)
 Metaspace       used 54130K, capacity 55072K, committed 55424K, reserved 1097728K
  class space    used 7206K, capacity 7466K, committed 7552K, reserved 1048576K
Event: 359.558 GC heap after
Heap after GC invocations=20 (full 2):
 PSYoungGen      total 167424K, used 19957K [0x00000000eab00000, 0x00000000f8000000, 0x0000000100000000)
  eden space 147456K, 0% used [0x00000000eab00000,0x00000000eab00000,0x00000000f3b00000)
  from space 19968K, 99% used [0x00000000f6c80000,0x00000000f7ffd488,0x00000000f8000000)
  to   space 22528K, 0% used [0x00000000f5400000,0x00000000f5400000,0x00000000f6a00000)
 ParOldGen       total 102912K, used 32425K [0x00000000c0000000, 0x00000000c6480000, 0x00000000eab00000)
  object space 102912K, 31% used [0x00000000c0000000,0x00000000c1faa6b8,0x00000000c6480000)
 Metaspace       used 54130K, capacity 55072K, committed 55424K, reserved 1097728K
  class space    used 7206K, capacity 7466K, committed 7552K, reserved 1048576K
}
Event: 364.689 GC heap before
{Heap before GC invocations=21 (full 2):
 PSYoungGen      total 167424K, used 167405K [0x00000000eab00000, 0x00000000f8000000, 0x0000000100000000)
  eden space 147456K, 99% used [0x00000000eab00000,0x00000000f3afe080,0x00000000f3b00000)
  from space 19968K, 99% used [0x00000000f6c80000,0x00000000f7ffd488,0x00000000f8000000)
  to   space 22528K, 0% used [0x00000000f5400000,0x00000000f5400000,0x00000000f6a00000)
 ParOldGen       total 102912K, used 32425K [0x00000000c0000000, 0x00000000c6480000, 0x00000000eab00000)
  object space 102912K, 31% used [0x00000000c0000000,0x00000000c1faa6b8,0x00000000c6480000)
 Metaspace       used 54420K, capacity 55352K, committed 55680K, reserved 1097728K
  class space    used 7213K, capacity 7470K, committed 7552K, reserved 1048576K
Event: 364.704 GC heap after
Heap after GC invocations=21 (full 2):
 PSYoungGen      total 164352K, used 21096K [0x00000000eab00000, 0x00000000f6d00000, 0x0000000100000000)
  eden space 142848K, 0% used [0x00000000eab00000,0x00000000eab00000,0x00000000f3680000)
  from space 21504K, 98% used [0x00000000f5400000,0x00000000f689a0e0,0x00000000f6900000)
  to   space 4096K, 0% used [0x00000000f6900000,0x00000000f6900000,0x00000000f6d00000)
 ParOldGen       total 102912K, used 32433K [0x00000000c0000000, 0x00000000c6480000, 0x00000000eab00000)
  object space 102912K, 31% used [0x00000000c0000000,0x00000000c1fac6b8,0x00000000c6480000)
 Metaspace       used 54420K, capacity 55352K, committed 55680K, reserved 1097728K
  class space    used 7213K, capacity 7470K, committed 7552K, reserved 1048576K
}
Event: 4375.803 GC heap before
{Heap before GC invocations=22 (full 2):
 PSYoungGen      total 164352K, used 163944K [0x00000000eab00000, 0x00000000f6d00000, 0x0000000100000000)
  eden space 142848K, 100% used [0x00000000eab00000,0x00000000f3680000,0x00000000f3680000)
  from space 21504K, 98% used [0x00000000f5400000,0x00000000f689a0e0,0x00000000f6900000)
  to   space 4096K, 0% used [0x00000000f6900000,0x00000000f6900000,0x00000000f6d00000)
 ParOldGen       total 102912K, used 32433K [0x00000000c0000000, 0x00000000c6480000, 0x00000000eab00000)
  object space 102912K, 31% used [0x00000000c0000000,0x00000000c1fac6b8,0x00000000c6480000)
 Metaspace       used 55142K, capacity 56192K, committed 56448K, reserved 1097728K
  class space    used 7273K, capacity 7530K, committed 7552K, reserved 1048576K
Event: 4375.847 GC heap after
Heap after GC invocations=22 (full 2):
 PSYoungGen      total 142848K, used 4080K [0x00000000eab00000, 0x00000000f6d00000, 0x0000000100000000)
  eden space 138752K, 0% used [0x00000000eab00000,0x00000000eab00000,0x00000000f3280000)
  from space 4096K, 99% used [0x00000000f6900000,0x00000000f6cfc030,0x00000000f6d00000)
  to   space 26624K, 0% used [0x00000000f3900000,0x00000000f3900000,0x00000000f5300000)
 ParOldGen       total 102912K, used 47373K [0x00000000c0000000, 0x00000000c6480000, 0x00000000eab00000)
  object space 102912K, 46% used [0x00000000c0000000,0x00000000c2e43710,0x00000000c6480000)
 Metaspace       used 55142K, capacity 56192K, committed 56448K, reserved 1097728K
  class space    used 7273K, capacity 7530K, committed 7552K, reserved 1048576K
}
Event: 4376.539 GC heap before
{Heap before GC invocations=23 (full 2):
 PSYoungGen      total 142848K, used 142832K [0x00000000eab00000, 0x00000000f6d00000, 0x0000000100000000)
  eden space 138752K, 100% used [0x00000000eab00000,0x00000000f3280000,0x00000000f3280000)
  from space 4096K, 99% used [0x00000000f6900000,0x00000000f6cfc030,0x00000000f6d00000)
  to   space 26624K, 0% used [0x00000000f3900000,0x00000000f3900000,0x00000000f5300000)
 ParOldGen       total 102912K, used 47373K [0x00000000c0000000, 0x00000000c6480000, 0x00000000eab00000)
  object space 102912K, 46% used [0x00000000c0000000,0x00000000c2e43710,0x00000000c6480000)
 Metaspace       used 55209K, capacity 56262K, committed 56448K, reserved 1097728K
  class space    used 7274K, capacity 7531K, committed 7552K, reserved 1048576K
Event: 4376.555 GC heap after
Heap after GC invocations=23 (full 2):
 PSYoungGen      total 146432K, used 11400K [0x00000000eab00000, 0x00000000f6980000, 0x0000000100000000)
  eden space 134656K, 0% used [0x00000000eab00000,0x00000000eab00000,0x00000000f2e80000)
  from space 11776K, 96% used [0x00000000f3900000,0x00000000f44221a8,0x00000000f4480000)
  to   space 25600K, 0% used [0x00000000f5080000,0x00000000f5080000,0x00000000f6980000)
 ParOldGen       total 102912K, used 47381K [0x00000000c0000000, 0x00000000c6480000, 0x00000000eab00000)
  object space 102912K, 46% used [0x00000000c0000000,0x00000000c2e45710,0x00000000c6480000)
 Metaspace       used 55209K, capacity 56262K, committed 56448K, reserved 1097728K
  class space    used 7274K, capacity 7531K, committed 7552K, reserved 1048576K
}
Event: 4379.117 GC heap before
{Heap before GC invocations=24 (full 2):
 PSYoungGen      total 146432K, used 146056K [0x00000000eab00000, 0x00000000f6980000, 0x0000000100000000)
  eden space 134656K, 100% used [0x00000000eab00000,0x00000000f2e80000,0x00000000f2e80000)
  from space 11776K, 96% used [0x00000000f3900000,0x00000000f44221a8,0x00000000f4480000)
  to   space 25600K, 0% used [0x00000000f5080000,0x00000000f5080000,0x00000000f6980000)
 ParOldGen       total 102912K, used 47381K [0x00000000c0000000, 0x00000000c6480000, 0x00000000eab00000)
  object space 102912K, 46% used [0x00000000c0000000,0x00000000c2e45710,0x00000000c6480000)
 Metaspace       used 56603K, capacity 57774K, committed 57984K, reserved 1099776K
  class space    used 7431K, capacity 7709K, committed 7808K, reserved 1048576K
Event: 4379.130 GC heap after
Heap after GC invocations=24 (full 2):
 PSYoungGen      total 144896K, used 14305K [0x00000000eab00000, 0x00000000f5e80000, 0x0000000100000000)
  eden space 130560K, 0% used [0x00000000eab00000,0x00000000eab00000,0x00000000f2a80000)
  from space 14336K, 99% used [0x00000000f5080000,0x00000000f5e785d0,0x00000000f5e80000)
  to   space 24576K, 0% used [0x00000000f2e80000,0x00000000f2e80000,0x00000000f4680000)
 ParOldGen       total 102912K, used 47389K [0x00000000c0000000, 0x00000000c6480000, 0x00000000eab00000)
  object space 102912K, 46% used [0x00000000c0000000,0x00000000c2e47710,0x00000000c6480000)
 Metaspace       used 56603K, capacity 57774K, committed 57984K, reserved 1099776K
  class space    used 7431K, capacity 7709K, committed 7808K, reserved 1048576K
}

