# JRE version: Java(TM) SE Runtime Environment (8.0_152-b16) (build 1.8.0_152-b16)
# Java VM: Java HotSpot(TM) 64-Bit Server VM (25.152-b16 mixed mode windows-amd64 compressed oops)
Heap:
 PSYoungGen      total 183296K, used 26833K [0x00000000eab00000, 0x00000000f9b00000, 0x0000000100000000)
  eden space 156672K, 2% used [0x00000000eab00000,0x00000000eae883c8,0x00000000f4400000)
  from space 26624K, 87% used [0x00000000f8100000,0x00000000f97ac318,0x00000000f9b00000)
  to   space 23552K, 0% used [0x00000000f4400000,0x00000000f4400000,0x00000000f5b00000)
 ParOldGen       total 99328K, used 21423K [0x00000000c0000000, 0x00000000c6100000, 0x00000000eab00000)
  object space 99328K, 21% used [0x00000000c0000000,0x00000000c14ebc88,0x00000000c6100000)
 Metaspace       used 46140K, capacity 47218K, committed 47488K, reserved 1089536K
  class space    used 6222K, capacity 6471K, committed 6528K, reserved 1048576K
GC Heap History (10 events):
Event: 7.321 GC heap after
Heap after GC invocations=13 (full 2):
 PSYoungGen      total 107520K, used 0K [0x00000000eab00000, 0x00000000f4b00000, 0x0000000100000000)
  eden space 92160K, 0% used [0x00000000eab00000,0x00000000eab00000,0x00000000f0500000)
  from space 15360K, 0% used [0x00000000f0500000,0x00000000f0500000,0x00000000f1400000)
  to   space 16896K, 0% used [0x00000000f3a80000,0x00000000f3a80000,0x00000000f4b00000)
 ParOldGen       total 99328K, used 20911K [0x00000000c0000000, 0x00000000c6100000, 0x00000000eab00000)
  object space 99328K, 21% used [0x00000000c0000000,0x00000000c146bc30,0x00000000c6100000)
 Metaspace       used 34806K, capacity 35362K, committed 35416K, reserved 1079296K
  class space    used 4926K, capacity 5073K, committed 5120K, reserved 1048576K
}
Event: 8.303 GC heap before
{Heap before GC invocations=14 (full 2):
 PSYoungGen      total 107520K, used 92160K [0x00000000eab00000, 0x00000000f4b00000, 0x0000000100000000)
  eden space 92160K, 100% used [0x00000000eab00000,0x00000000f0500000,0x00000000f0500000)
  from space 15360K, 0% used [0x00000000f0500000,0x00000000f0500000,0x00000000f1400000)
  to   space 16896K, 0% used [0x00000000f3a80000,0x00000000f3a80000,0x00000000f4b00000)
 ParOldGen       total 99328K, used 20911K [0x00000000c0000000, 0x00000000c6100000, 0x00000000eab00000)
  object space 99328K, 21% used [0x00000000c0000000,0x00000000c146bc30,0x00000000c6100000)
 Metaspace       used 39340K, capacity 39968K, committed 40064K, reserved 1083392K
  class space    used 5503K, capacity 5688K, committed 5760K, reserved 1048576K
Event: 8.315 GC heap after
Heap after GC invocations=14 (full 2):
 PSYoungGen      total 138752K, used 15825K [0x00000000eab00000, 0x00000000f4a00000, 0x0000000100000000)
  eden space 122880K, 0% used [0x00000000eab00000,0x00000000eab00000,0x00000000f2300000)
  from space 15872K, 99% used [0x00000000f3a80000,0x00000000f49f46a0,0x00000000f4a00000)
  to   space 18944K, 0% used [0x00000000f2500000,0x00000000f2500000,0x00000000f3780000)
 ParOldGen       total 99328K, used 20919K [0x00000000c0000000, 0x00000000c6100000, 0x00000000eab00000)
  object space 99328K, 21% used [0x00000000c0000000,0x00000000c146dc30,0x00000000c6100000)
 Metaspace       used 39340K, capacity 39968K, committed 40064K, reserved 1083392K
  class space    used 5503K, capacity 5688K, committed 5760K, reserved 1048576K
}
Event: 10.333 GC heap before
{Heap before GC invocations=15 (full 2):
 PSYoungGen      total 138752K, used 138705K [0x00000000eab00000, 0x00000000f4a00000, 0x0000000100000000)
  eden space 122880K, 100% used [0x00000000eab00000,0x00000000f2300000,0x00000000f2300000)
  from space 15872K, 99% used [0x00000000f3a80000,0x00000000f49f46a0,0x00000000f4a00000)
  to   space 18944K, 0% used [0x00000000f2500000,0x00000000f2500000,0x00000000f3780000)
 ParOldGen       total 99328K, used 20919K [0x00000000c0000000, 0x00000000c6100000, 0x00000000eab00000)
  object space 99328K, 21% used [0x00000000c0000000,0x00000000c146dc30,0x00000000c6100000)
 Metaspace       used 43287K, capacity 44164K, committed 44416K, reserved 1087488K
  class space    used 5949K, capacity 6196K, committed 6272K, reserved 1048576K
Event: 10.344 GC heap after
Heap after GC invocations=15 (full 2):
 PSYoungGen      total 143872K, used 15966K [0x00000000eab00000, 0x00000000f6f00000, 0x0000000100000000)
  eden space 124928K, 0% used [0x00000000eab00000,0x00000000eab00000,0x00000000f2500000)
  from space 18944K, 84% used [0x00000000f2500000,0x00000000f3497bd0,0x00000000f3780000)
  to   space 20480K, 0% used [0x00000000f5b00000,0x00000000f5b00000,0x00000000f6f00000)
 ParOldGen       total 99328K, used 20927K [0x00000000c0000000, 0x00000000c6100000, 0x00000000eab00000)
  object space 99328K, 21% used [0x00000000c0000000,0x00000000c146fc30,0x00000000c6100000)
 Metaspace       used 43287K, capacity 44164K, committed 44416K, reserved 1087488K
  class space    used 5949K, capacity 6196K, committed 6272K, reserved 1048576K
}
Event: 14.112 GC heap before
{Heap before GC invocations=16 (full 2):
 PSYoungGen      total 143872K, used 140894K [0x00000000eab00000, 0x00000000f6f00000, 0x0000000100000000)
  eden space 124928K, 100% used [0x00000000eab00000,0x00000000f2500000,0x00000000f2500000)
  from space 18944K, 84% used [0x00000000f2500000,0x00000000f3497bd0,0x00000000f3780000)
  to   space 20480K, 0% used [0x00000000f5b00000,0x00000000f5b00000,0x00000000f6f00000)
 ParOldGen       total 99328K, used 20927K [0x00000000c0000000, 0x00000000c6100000, 0x00000000eab00000)
  object space 99328K, 21% used [0x00000000c0000000,0x00000000c146fc30,0x00000000c6100000)
 Metaspace       used 44569K, capacity 45434K, committed 45568K, reserved 1089536K
  class space    used 6088K, capacity 6339K, committed 6400K, reserved 1048576K
Event: 14.127 GC heap after
Heap after GC invocations=16 (full 2):
 PSYoungGen      total 177152K, used 20448K [0x00000000eab00000, 0x00000000f7400000, 0x0000000100000000)
  eden space 156672K, 0% used [0x00000000eab00000,0x00000000eab00000,0x00000000f4400000)
  from space 20480K, 99% used [0x00000000f5b00000,0x00000000f6ef81a8,0x00000000f6f00000)
  to   space 23552K, 0% used [0x00000000f4400000,0x00000000f4400000,0x00000000f5b00000)
 ParOldGen       total 99328K, used 21407K [0x00000000c0000000, 0x00000000c6100000, 0x00000000eab00000)
  object space 99328K, 21% used [0x00000000c0000000,0x00000000c14e7c88,0x00000000c6100000)
 Metaspace       used 44569K, capacity 45434K, committed 45568K, reserved 1089536K
  class space    used 6088K, capacity 6339K, committed 6400K, reserved 1048576K
}
Event: 168.980 GC heap before
{Heap before GC invocations=17 (full 2):
 PSYoungGen      total 177152K, used 177120K [0x00000000eab00000, 0x00000000f7400000, 0x0000000100000000)
  eden space 156672K, 100% used [0x00000000eab00000,0x00000000f4400000,0x00000000f4400000)
  from space 20480K, 99% used [0x00000000f5b00000,0x00000000f6ef81a8,0x00000000f6f00000)
  to   space 23552K, 0% used [0x00000000f4400000,0x00000000f4400000,0x00000000f5b00000)
 ParOldGen       total 99328K, used 21407K [0x00000000c0000000, 0x00000000c6100000, 0x00000000eab00000)
  object space 99328K, 21% used [0x00000000c0000000,0x00000000c14e7c88,0x00000000c6100000)
 Metaspace       used 45888K, capacity 46862K, committed 46976K, reserved 1089536K
  class space    used 6219K, capacity 6465K, committed 6528K, reserved 1048576K
Event: 168.996 GC heap after
Heap after GC invocations=17 (full 2):
 PSYoungGen      total 180224K, used 22454K [0x00000000eab00000, 0x00000000f9b00000, 0x0000000100000000)
  eden space 156672K, 0% used [0x00000000eab00000,0x00000000eab00000,0x00000000f4400000)
  from space 23552K, 95% used [0x00000000f4400000,0x00000000f59ed968,0x00000000f5b00000)
  to   space 26624K, 0% used [0x00000000f8100000,0x00000000f8100000,0x00000000f9b00000)
 ParOldGen       total 99328K, used 21415K [0x00000000c0000000, 0x00000000c6100000, 0x00000000eab00000)
  object space 99328K, 21% used [0x00000000c0000000,0x00000000c14e9c88,0x00000000c6100000)
 Metaspace       used 45888K, capacity 46862K, committed 46976K, reserved 1089536K
  class space    used 6219K, capacity 6465K, committed 6528K, reserved 1048576K
}
Event: 170.125 GC heap before
{Heap before GC invocations=18 (full 2):
 PSYoungGen      total 180224K, used 179126K [0x00000000eab00000, 0x00000000f9b00000, 0x0000000100000000)
  eden space 156672K, 100% used [0x00000000eab00000,0x00000000f4400000,0x00000000f4400000)
  from space 23552K, 95% used [0x00000000f4400000,0x00000000f59ed968,0x00000000f5b00000)
  to   space 26624K, 0% used [0x00000000f8100000,0x00000000f8100000,0x00000000f9b00000)
 ParOldGen       total 99328K, used 21415K [0x00000000c0000000, 0x00000000c6100000, 0x00000000eab00000)
  object space 99328K, 21% used [0x00000000c0000000,0x00000000c14e9c88,0x00000000c6100000)
 Metaspace       used 46138K, capacity 47154K, committed 47232K, reserved 1089536K
  class space    used 6222K, capacity 6471K, committed 6528K, reserved 1048576K

