# JRE version: Java(TM) SE Runtime Environment (8.0_152-b16) (build 1.8.0_152-b16)
# Java VM: Java HotSpot(TM) 64-Bit Server VM (25.152-b16 mixed mode windows-amd64 compressed oops)
Heap:
 PSYoungGen      total 41984K, used 28695K [0x00000000eab00000, 0x00000000eeb80000, 0x0000000100000000)
  eden space 32256K, 70% used [0x00000000eab00000,0x00000000ec14f610,0x00000000eca80000)
  from space 9728K, 60% used [0x00000000ed380000,0x00000000ed936638,0x00000000edd00000)
  to   space 9216K, 0% used [0x00000000eca80000,0x00000000eca80000,0x00000000ed380000)
 ParOldGen       total 44032K, used 7315K [0x00000000c0000000, 0x00000000c2b00000, 0x00000000eab00000)
  object space 44032K, 16% used [0x00000000c0000000,0x00000000c0724d48,0x00000000c2b00000)
 Metaspace       used 29844K, capacity 30400K, committed 30592K, reserved 1075200K
  class space    used 4277K, capacity 4474K, committed 4480K, reserved 1048576K
GC Heap History (10 events):
Event: 6.439 GC heap before
{Heap before GC invocations=5 (full 0):
 PSYoungGen      total 38400K, used 15038K [0x00000000eab00000, 0x00000000ed580000, 0x0000000100000000)
  eden space 33280K, 29% used [0x00000000eab00000,0x00000000eb4b3988,0x00000000ecb80000)
  from space 5120K, 99% used [0x00000000ed080000,0x00000000ed57c040,0x00000000ed580000)
  to   space 5120K, 0% used [0x00000000ecb80000,0x00000000ecb80000,0x00000000ed080000)
 ParOldGen       total 87552K, used 7018K [0x00000000c0000000, 0x00000000c5580000, 0x00000000eab00000)
  object space 87552K, 8% used [0x00000000c0000000,0x00000000c06dab08,0x00000000c5580000)
 Metaspace       used 20755K, capacity 21206K, committed 21296K, reserved 1067008K
  class space    used 2989K, capacity 3170K, committed 3200K, reserved 1048576K
Event: 6.444 GC heap after
Heap after GC invocations=5 (full 0):
 PSYoungGen      total 37888K, used 5088K [0x00000000eab00000, 0x00000000edd00000, 0x0000000100000000)
  eden space 32768K, 0% used [0x00000000eab00000,0x00000000eab00000,0x00000000ecb00000)
  from space 5120K, 99% used [0x00000000ecb80000,0x00000000ed078040,0x00000000ed080000)
  to   space 9216K, 0% used [0x00000000ed400000,0x00000000ed400000,0x00000000edd00000)
 ParOldGen       total 87552K, used 8641K [0x00000000c0000000, 0x00000000c5580000, 0x00000000eab00000)
  object space 87552K, 9% used [0x00000000c0000000,0x00000000c0870528,0x00000000c5580000)
 Metaspace       used 20755K, capacity 21206K, committed 21296K, reserved 1067008K
  class space    used 2989K, capacity 3170K, committed 3200K, reserved 1048576K
}
Event: 6.444 GC heap before
{Heap before GC invocations=6 (full 1):
 PSYoungGen      total 37888K, used 5088K [0x00000000eab00000, 0x00000000edd00000, 0x0000000100000000)
  eden space 32768K, 0% used [0x00000000eab00000,0x00000000eab00000,0x00000000ecb00000)
  from space 5120K, 99% used [0x00000000ecb80000,0x00000000ed078040,0x00000000ed080000)
  to   space 9216K, 0% used [0x00000000ed400000,0x00000000ed400000,0x00000000edd00000)
 ParOldGen       total 87552K, used 8641K [0x00000000c0000000, 0x00000000c5580000, 0x00000000eab00000)
  object space 87552K, 9% used [0x00000000c0000000,0x00000000c0870528,0x00000000c5580000)
 Metaspace       used 20755K, capacity 21206K, committed 21296K, reserved 1067008K
  class space    used 2989K, capacity 3170K, committed 3200K, reserved 1048576K
Event: 6.478 GC heap after
Heap after GC invocations=6 (full 1):
 PSYoungGen      total 37888K, used 0K [0x00000000eab00000, 0x00000000edd00000, 0x0000000100000000)
  eden space 32768K, 0% used [0x00000000eab00000,0x00000000eab00000,0x00000000ecb00000)
  from space 5120K, 0% used [0x00000000ecb80000,0x00000000ecb80000,0x00000000ed080000)
  to   space 9216K, 0% used [0x00000000ed400000,0x00000000ed400000,0x00000000edd00000)
 ParOldGen       total 44032K, used 7291K [0x00000000c0000000, 0x00000000c2b00000, 0x00000000eab00000)
  object space 44032K, 16% used [0x00000000c0000000,0x00000000c071ed48,0x00000000c2b00000)
 Metaspace       used 20755K, capacity 21206K, committed 21296K, reserved 1067008K
  class space    used 2989K, capacity 3170K, committed 3200K, reserved 1048576K
}
Event: 9.791 GC heap before
{Heap before GC invocations=7 (full 1):
 PSYoungGen      total 37888K, used 32768K [0x00000000eab00000, 0x00000000edd00000, 0x0000000100000000)
  eden space 32768K, 100% used [0x00000000eab00000,0x00000000ecb00000,0x00000000ecb00000)
  from space 5120K, 0% used [0x00000000ecb80000,0x00000000ecb80000,0x00000000ed080000)
  to   space 9216K, 0% used [0x00000000ed400000,0x00000000ed400000,0x00000000edd00000)
 ParOldGen       total 44032K, used 7291K [0x00000000c0000000, 0x00000000c2b00000, 0x00000000eab00000)
  object space 44032K, 16% used [0x00000000c0000000,0x00000000c071ed48,0x00000000c2b00000)
 Metaspace       used 23940K, capacity 24338K, committed 24576K, reserved 1071104K
  class space    used 3388K, capacity 3530K, committed 3584K, reserved 1048576K
Event: 9.796 GC heap after
Heap after GC invocations=7 (full 1):
 PSYoungGen      total 41472K, used 3562K [0x00000000eab00000, 0x00000000edd80000, 0x0000000100000000)
  eden space 32256K, 0% used [0x00000000eab00000,0x00000000eab00000,0x00000000eca80000)
  from space 9216K, 38% used [0x00000000ed400000,0x00000000ed77a998,0x00000000edd00000)
  to   space 9728K, 0% used [0x00000000eca80000,0x00000000eca80000,0x00000000ed400000)
 ParOldGen       total 44032K, used 7299K [0x00000000c0000000, 0x00000000c2b00000, 0x00000000eab00000)
  object space 44032K, 16% used [0x00000000c0000000,0x00000000c0720d48,0x00000000c2b00000)
 Metaspace       used 23940K, capacity 24338K, committed 24576K, reserved 1071104K
  class space    used 3388K, capacity 3530K, committed 3584K, reserved 1048576K
}
Event: 10.512 GC heap before
{Heap before GC invocations=8 (full 1):
 PSYoungGen      total 41472K, used 35818K [0x00000000eab00000, 0x00000000edd80000, 0x0000000100000000)
  eden space 32256K, 100% used [0x00000000eab00000,0x00000000eca80000,0x00000000eca80000)
  from space 9216K, 38% used [0x00000000ed400000,0x00000000ed77a998,0x00000000edd00000)
  to   space 9728K, 0% used [0x00000000eca80000,0x00000000eca80000,0x00000000ed400000)
 ParOldGen       total 44032K, used 7299K [0x00000000c0000000, 0x00000000c2b00000, 0x00000000eab00000)
  object space 44032K, 16% used [0x00000000c0000000,0x00000000c0720d48,0x00000000c2b00000)
 Metaspace       used 26107K, capacity 26620K, committed 26752K, reserved 1073152K
  class space    used 3746K, capacity 3922K, committed 3968K, reserved 1048576K
Event: 10.516 GC heap after
Heap after GC invocations=8 (full 1):
 PSYoungGen      total 36864K, used 4706K [0x00000000eab00000, 0x00000000edd00000, 0x0000000100000000)
  eden space 31744K, 0% used [0x00000000eab00000,0x00000000eab00000,0x00000000eca00000)
  from space 5120K, 91% used [0x00000000eca80000,0x00000000ecf18968,0x00000000ecf80000)
  to   space 9728K, 0% used [0x00000000ed380000,0x00000000ed380000,0x00000000edd00000)
 ParOldGen       total 44032K, used 7307K [0x00000000c0000000, 0x00000000c2b00000, 0x00000000eab00000)
  object space 44032K, 16% used [0x00000000c0000000,0x00000000c0722d48,0x00000000c2b00000)
 Metaspace       used 26107K, capacity 26620K, committed 26752K, reserved 1073152K
  class space    used 3746K, capacity 3922K, committed 3968K, reserved 1048576K
}
Event: 11.130 GC heap before
{Heap before GC invocations=9 (full 1):
 PSYoungGen      total 36864K, used 36450K [0x00000000eab00000, 0x00000000edd00000, 0x0000000100000000)
  eden space 31744K, 100% used [0x00000000eab00000,0x00000000eca00000,0x00000000eca00000)
  from space 5120K, 91% used [0x00000000eca80000,0x00000000ecf18968,0x00000000ecf80000)
  to   space 9728K, 0% used [0x00000000ed380000,0x00000000ed380000,0x00000000edd00000)
 ParOldGen       total 44032K, used 7307K [0x00000000c0000000, 0x00000000c2b00000, 0x00000000eab00000)
  object space 44032K, 16% used [0x00000000c0000000,0x00000000c0722d48,0x00000000c2b00000)
 Metaspace       used 28181K, capacity 28790K, committed 29056K, reserved 1075200K
  class space    used 3982K, capacity 4173K, committed 4224K, reserved 1048576K
Event: 11.135 GC heap after
Heap after GC invocations=9 (full 1):
 PSYoungGen      total 41984K, used 5849K [0x00000000eab00000, 0x00000000eeb80000, 0x0000000100000000)
  eden space 32256K, 0% used [0x00000000eab00000,0x00000000eab00000,0x00000000eca80000)
  from space 9728K, 60% used [0x00000000ed380000,0x00000000ed936638,0x00000000edd00000)
  to   space 9216K, 0% used [0x00000000eca80000,0x00000000eca80000,0x00000000ed380000)
 ParOldGen       total 44032K, used 7315K [0x00000000c0000000, 0x00000000c2b00000, 0x00000000eab00000)
  object space 44032K, 16% used [0x00000000c0000000,0x00000000c0724d48,0x00000000c2b00000)
 Metaspace       used 28181K, capacity 28790K, committed 29056K, reserved 1075200K
  class space    used 3982K, capacity 4173K, committed 4224K, reserved 1048576K
}

